2026-02-19 11:45:25.381  INFO [corrId:] --- [restartedMain] c.a.kh.camnextgen.CamNextGenApplication  : Starting CamNextGenApplication using Java 17.0.17 with PID 21708 (C:\Users\ksg-usr\Documents\henty-local\CamNextGen\build\classes\java\main started by ksg-usr in C:\Users\ksg-usr\Documents\henty-local\CamNextGen)
2026-02-19 11:45:25.386 DEBUG [corrId:] --- [restartedMain] c.a.kh.camnextgen.CamNextGenApplication  : Running with Spring Boot v3.2.5, Spring v6.1.6
2026-02-19 11:45:25.387  INFO [corrId:] --- [restartedMain] c.a.kh.camnextgen.CamNextGenApplication  : No active profile set, falling back to 1 default profile: "default"
2026-02-19 11:45:25.466  INFO [corrId:] --- [restartedMain] .e.DevToolsPropertyDefaultsPostProcessor : Devtools property defaults active! Set 'spring.devtools.add-properties' to 'false' to disable
2026-02-19 11:45:25.466  INFO [corrId:] --- [restartedMain] .e.DevToolsPropertyDefaultsPostProcessor : For additional web related logging consider setting the 'logging.level.web' property to 'DEBUG'
2026-02-19 11:45:26.633  INFO [corrId:] --- [restartedMain] .s.d.r.c.RepositoryConfigurationDelegate : Bootstrapping Spring Data JPA repositories in DEFAULT mode.
2026-02-19 11:45:26.739  INFO [corrId:] --- [restartedMain] .s.d.r.c.RepositoryConfigurationDelegate : Finished Spring Data repository scanning in 98 ms. Found 14 JPA repository interfaces.
2026-02-19 11:45:27.496  INFO [corrId:] --- [restartedMain] o.s.b.w.embedded.tomcat.TomcatWebServer  : Tomcat initialized with port 8181 (http)
2026-02-19 11:45:27.520  INFO [corrId:] --- [restartedMain] o.apache.catalina.core.StandardService   : Starting service [Tomcat]
2026-02-19 11:45:27.521  INFO [corrId:] --- [restartedMain] o.apache.catalina.core.StandardEngine    : Starting Servlet engine: [Apache Tomcat/10.1.20]
2026-02-19 11:45:27.574  INFO [corrId:] --- [restartedMain] o.a.c.c.C.[Tomcat].[localhost].[/]       : Initializing Spring embedded WebApplicationContext
2026-02-19 11:45:27.574  INFO [corrId:] --- [restartedMain] w.s.c.ServletWebServerApplicationContext : Root WebApplicationContext: initialization completed in 2107 ms
2026-02-19 11:45:27.691 DEBUG [corrId:] --- [restartedMain] c.a.k.c.s.logging.CorrelationIdFilter    : Filter 'correlationIdFilter' configured for use
2026-02-19 11:45:27.691 DEBUG [corrId:] --- [restartedMain] c.a.k.c.s.ratelimit.RateLimitFilter      : Filter 'rateLimitFilter' configured for use
2026-02-19 11:45:27.691 DEBUG [corrId:] --- [restartedMain] c.a.k.c.s.l.RequestResponseLoggingFilter : Filter 'requestResponseLoggingFilter' configured for use
2026-02-19 11:45:27.758  INFO [corrId:] --- [restartedMain] com.zaxxer.hikari.HikariDataSource       : HikariPool-1 - Starting...
2026-02-19 11:45:27.966  INFO [corrId:] --- [restartedMain] com.zaxxer.hikari.pool.HikariPool        : HikariPool-1 - Added connection org.postgresql.jdbc.PgConnection@7d4f29f7
2026-02-19 11:45:27.968  INFO [corrId:] --- [restartedMain] com.zaxxer.hikari.HikariDataSource       : HikariPool-1 - Start completed.
2026-02-19 11:45:28.067  INFO [corrId:] --- [restartedMain] o.f.c.internal.license.VersionPrinter    : Flyway Community Edition 9.22.3 by Redgate
2026-02-19 11:45:28.067  INFO [corrId:] --- [restartedMain] o.f.c.internal.license.VersionPrinter    : See release notes here: https://rd.gt/416ObMi
2026-02-19 11:45:28.067  INFO [corrId:] --- [restartedMain] o.f.c.internal.license.VersionPrinter    : 
2026-02-19 11:45:28.085  INFO [corrId:] --- [restartedMain] org.flywaydb.core.FlywayExecutor         : Database: jdbc:postgresql://localhost:5432/camnextgen_db (PostgreSQL 18.1)
2026-02-19 11:45:28.097  WARN [corrId:] --- [restartedMain] o.f.c.internal.database.base.Database    : Flyway upgrade recommended: PostgreSQL 18.1 is newer than this version of Flyway and support has not been tested. The latest supported version of PostgreSQL is 15.
2026-02-19 11:45:28.240  INFO [corrId:] --- [restartedMain] o.f.core.internal.command.DbValidate     : Successfully validated 6 migrations (execution time 00:00.100s)
2026-02-19 11:45:28.255  INFO [corrId:] --- [restartedMain] o.f.core.internal.command.DbMigrate      : Current version of schema "public": 4
2026-02-19 11:45:28.271  INFO [corrId:] --- [restartedMain] o.f.core.internal.command.DbMigrate      : Migrating schema "public" to version "5 - add customer setting"
2026-02-19 11:45:28.476  INFO [corrId:] --- [restartedMain] o.f.core.internal.command.DbMigrate      : Migrating schema "public" to version "6 - add setting definition"
2026-02-19 11:45:28.514  INFO [corrId:] --- [restartedMain] o.f.core.internal.command.DbMigrate      : Successfully applied 2 migrations to schema "public", now at version v6 (execution time 00:00.218s)
2026-02-19 11:45:28.622  INFO [corrId:] --- [restartedMain] o.hibernate.jpa.internal.util.LogHelper  : HHH000204: Processing PersistenceUnitInfo [name: default]
2026-02-19 11:45:28.734  INFO [corrId:] --- [restartedMain] org.hibernate.Version                    : HHH000412: Hibernate ORM core version 6.4.4.Final
2026-02-19 11:45:28.786  INFO [corrId:] --- [restartedMain] o.h.c.internal.RegionFactoryInitiator    : HHH000026: Second-level cache disabled
2026-02-19 11:45:29.054  INFO [corrId:] --- [restartedMain] o.s.o.j.p.SpringPersistenceUnitInfo      : No LoadTimeWeaver setup: ignoring JPA class transformer
2026-02-19 11:45:30.177  INFO [corrId:] --- [restartedMain] o.h.e.t.j.p.i.JtaPlatformInitiator       : HHH000489: No JTA platform available (set 'hibernate.transaction.jta.platform' to enable JTA platform integration)
2026-02-19 11:45:30.279  INFO [corrId:] --- [restartedMain] j.LocalContainerEntityManagerFactoryBean : Initialized JPA EntityManagerFactory for persistence unit 'default'
2026-02-19 11:45:30.569  INFO [corrId:] --- [restartedMain] o.s.d.j.r.query.QueryEnhancerFactory     : Hibernate is in classpath; If applicable, HQL parser will be used.
2026-02-19 11:45:31.716  INFO [corrId:] --- [restartedMain] o.s.s.web.DefaultSecurityFilterChain     : Will secure any request with [org.springframework.security.web.session.DisableEncodeUrlFilter@10279198, org.springframework.security.web.context.request.async.WebAsyncManagerIntegrationFilter@b11952d, org.springframework.security.web.context.SecurityContextHolderFilter@7b5030cc, org.springframework.security.web.header.HeaderWriterFilter@6049d1cc, org.springframework.web.filter.CorsFilter@2035d237, org.springframework.security.web.authentication.logout.LogoutFilter@34651685, com.app.kh.camnextgen.shared.logging.CorrelationIdFilter@535c2593, com.app.kh.camnextgen.shared.security.JwtAuthenticationFilter@7f5bd531, com.app.kh.camnextgen.shared.ratelimit.RateLimitFilter@3e1218e5, com.app.kh.camnextgen.shared.logging.RequestLoggingFilter@78e48f0a, org.springframework.security.web.savedrequest.RequestCacheAwareFilter@6f1a0fe6, org.springframework.security.web.servletapi.SecurityContextHolderAwareRequestFilter@5e4ae609, org.springframework.security.web.authentication.AnonymousAuthenticationFilter@76ce5e4b, org.springframework.security.web.session.SessionManagementFilter@6dd84bc9, org.springframework.security.web.access.ExceptionTranslationFilter@4083e7e, org.springframework.security.web.access.intercept.AuthorizationFilter@10716b8a]
2026-02-19 11:45:32.068  WARN [corrId:] --- [restartedMain] o.s.b.d.a.OptionalLiveReloadServer       : Unable to start LiveReload server
2026-02-19 11:45:32.128  INFO [corrId:] --- [restartedMain] o.s.b.w.embedded.tomcat.TomcatWebServer  : Tomcat started on port 8181 (http) with context path ''
2026-02-19 11:45:32.130  INFO [corrId:] --- [restartedMain] o.s.a.r.c.CachingConnectionFactory       : Attempting to connect to: [localhost:5672]
2026-02-19 11:45:32.210  INFO [corrId:] --- [restartedMain] o.s.a.r.c.CachingConnectionFactory       : Created new connection: rabbitConnectionFactory#62124376:0/SimpleConnection@45851c84 [delegate=amqp://guest@127.0.0.1:5672/, localPort=61904]
2026-02-19 11:45:32.216  INFO [corrId:] --- [restartedMain] o.s.amqp.rabbit.core.RabbitAdmin         : Auto-declaring a non-durable, auto-delete, or exclusive Queue (spring-boot) durable:false, auto-delete:false, exclusive:false. It will be redeclared if the broker stops and is restarted while the connection factory is alive, but all messages will be lost.
2026-02-19 11:45:32.346  INFO [corrId:] --- [restartedMain] c.a.kh.camnextgen.CamNextGenApplication  : Started CamNextGenApplication in 7.636 seconds (process running for 8.659)
2026-02-19 13:06:04.862  WARN [corrId:] --- [HikariPool-1 housekeeper] com.zaxxer.hikari.pool.HikariPool        : HikariPool-1 - Thread starvation or clock leap detected (housekeeper delta=37m36s96ms715µs400ns).
2026-02-19 14:26:05.930  WARN [corrId:] --- [HikariPool-1 housekeeper] com.zaxxer.hikari.pool.HikariPool        : HikariPool-1 - Thread starvation or clock leap detected (housekeeper delta=3m29s741ms908µs200ns).
2026-02-19 16:51:55.120  WARN [corrId:] --- [HikariPool-1 housekeeper] com.zaxxer.hikari.pool.HikariPool        : HikariPool-1 - Thread starvation or clock leap detected (housekeeper delta=23m47s202ms939µs500ns).
